# JRE version: OpenJDK Runtime Environment Temurin-21.0.4+7 (21.0.4+7) (build 21.0.4+7-LTS)
# Java VM: OpenJDK 64-Bit Server VM Temurin-21.0.4+7 (21.0.4+7-LTS, mixed mode, emulated-client, tiered, compressed oops, compressed class ptrs, g1 gc, windows-amd64)
GC Precious Log:
 CardTable entry size: 512
 Card Set container configuration: InlinePtr #cards 4 size 8 Array Of Cards #cards 16 size 48 Howl #buckets 8 coarsen threshold 3686 Howl Bitmap #cards 512 size 80 coarsen threshold 460 Card regions per heap region 1 cards per card region 4096
 CPUs: 24 total, 24 available
 Memory: 16068M
 Large Page Support: Disabled
 NUMA Support: Disabled
 Compressed Oops: Enabled (Zero based)
 Heap Region Size: 2M
 Heap Min Capacity: 8M
 Heap Initial Capacity: 252M
 Heap Max Capacity: 4018M
 Pre-touch: Disabled
 Parallel Workers: 18
 Concurrent Workers: 5
 Concurrent Refinement Workers: 18
 Periodic GC: Disabled
Heap:
 garbage-first heap   total 159744K, used 24966K [0x0000000704e00000, 0x0000000800000000)
  region size 2048K, 7 young (14336K), 4 survivors (8192K)
 Metaspace       used 47535K, committed 48128K, reserved 1114112K
  class space    used 5814K, committed 6080K, reserved 1048576K
GC Heap History (20 events):
Event: 0.579 GC heap before
{Heap before GC invocations=4 (full 0):
 garbage-first heap   total 28672K, used 28594K [0x0000000704e00000, 0x0000000800000000)
  region size 2048K, 11 young (22528K), 1 survivors (2048K)
 Metaspace       used 23026K, committed 23424K, reserved 1114112K
  class space    used 2509K, committed 2688K, reserved 1048576K
}
Event: 0.581 GC heap after
{Heap after GC invocations=5 (full 0):
 garbage-first heap   total 32768K, used 8970K [0x0000000704e00000, 0x0000000800000000)
  region size 2048K, 2 young (4096K), 2 survivors (4096K)
 Metaspace       used 23026K, committed 23424K, reserved 1114112K
  class space    used 2509K, committed 2688K, reserved 1048576K
}
Event: 0.606 GC heap before
{Heap before GC invocations=5 (full 0):
 garbage-first heap   total 32768K, used 21258K [0x0000000704e00000, 0x0000000800000000)
  region size 2048K, 9 young (18432K), 2 survivors (4096K)
 Metaspace       used 24209K, committed 24576K, reserved 1114112K
  class space    used 2682K, committed 2816K, reserved 1048576K
}
Event: 0.608 GC heap after
{Heap after GC invocations=6 (full 0):
 garbage-first heap   total 32768K, used 9209K [0x0000000704e00000, 0x0000000800000000)
  region size 2048K, 1 young (2048K), 1 survivors (2048K)
 Metaspace       used 24209K, committed 24576K, reserved 1114112K
  class space    used 2682K, committed 2816K, reserved 1048576K
}
Event: 0.624 GC heap before
{Heap before GC invocations=6 (full 0):
 garbage-first heap   total 32768K, used 23545K [0x0000000704e00000, 0x0000000800000000)
  region size 2048K, 8 young (16384K), 1 survivors (2048K)
 Metaspace       used 25376K, committed 25664K, reserved 1114112K
  class space    used 2795K, committed 2944K, reserved 1048576K
}
Event: 0.626 GC heap after
{Heap after GC invocations=7 (full 0):
 garbage-first heap   total 32768K, used 9465K [0x0000000704e00000, 0x0000000800000000)
  region size 2048K, 1 young (2048K), 1 survivors (2048K)
 Metaspace       used 25376K, committed 25664K, reserved 1114112K
  class space    used 2795K, committed 2944K, reserved 1048576K
}
Event: 0.654 GC heap before
{Heap before GC invocations=7 (full 0):
 garbage-first heap   total 32768K, used 21753K [0x0000000704e00000, 0x0000000800000000)
  region size 2048K, 8 young (16384K), 1 survivors (2048K)
 Metaspace       used 26953K, committed 27264K, reserved 1114112K
  class space    used 2982K, committed 3136K, reserved 1048576K
}
Event: 0.655 GC heap after
{Heap after GC invocations=8 (full 0):
 garbage-first heap   total 145408K, used 10217K [0x0000000704e00000, 0x0000000800000000)
  region size 2048K, 1 young (2048K), 1 survivors (2048K)
 Metaspace       used 26953K, committed 27264K, reserved 1114112K
  class space    used 2982K, committed 3136K, reserved 1048576K
}
Event: 0.893 GC heap before
{Heap before GC invocations=8 (full 0):
 garbage-first heap   total 145408K, used 92137K [0x0000000704e00000, 0x0000000800000000)
  region size 2048K, 42 young (86016K), 1 survivors (2048K)
 Metaspace       used 32924K, committed 33344K, reserved 1114112K
  class space    used 3759K, committed 3968K, reserved 1048576K
}
Event: 0.895 GC heap after
{Heap after GC invocations=9 (full 0):
 garbage-first heap   total 145408K, used 14015K [0x0000000704e00000, 0x0000000800000000)
  region size 2048K, 3 young (6144K), 3 survivors (6144K)
 Metaspace       used 32924K, committed 33344K, reserved 1114112K
  class space    used 3759K, committed 3968K, reserved 1048576K
}
Event: 0.917 GC heap before
{Heap before GC invocations=9 (full 0):
 garbage-first heap   total 145408K, used 20159K [0x0000000704e00000, 0x0000000800000000)
  region size 2048K, 7 young (14336K), 3 survivors (6144K)
 Metaspace       used 33055K, committed 33472K, reserved 1114112K
  class space    used 3775K, committed 3968K, reserved 1048576K
}
Event: 0.919 GC heap after
{Heap after GC invocations=10 (full 0):
 garbage-first heap   total 145408K, used 13925K [0x0000000704e00000, 0x0000000800000000)
  region size 2048K, 3 young (6144K), 3 survivors (6144K)
 Metaspace       used 33055K, committed 33472K, reserved 1114112K
  class space    used 3775K, committed 3968K, reserved 1048576K
}
Event: 1.078 GC heap before
{Heap before GC invocations=11 (full 0):
 garbage-first heap   total 55296K, used 52837K [0x0000000704e00000, 0x0000000800000000)
  region size 2048K, 22 young (45056K), 3 survivors (6144K)
 Metaspace       used 35489K, committed 35904K, reserved 1114112K
  class space    used 4147K, committed 4352K, reserved 1048576K
}
Event: 1.079 GC heap after
{Heap after GC invocations=12 (full 0):
 garbage-first heap   total 61440K, used 15080K [0x0000000704e00000, 0x0000000800000000)
  region size 2048K, 3 young (6144K), 3 survivors (6144K)
 Metaspace       used 35489K, committed 35904K, reserved 1114112K
  class space    used 4147K, committed 4352K, reserved 1048576K
}
Event: 1.198 GC heap before
{Heap before GC invocations=12 (full 0):
 garbage-first heap   total 61440K, used 45800K [0x0000000704e00000, 0x0000000800000000)
  region size 2048K, 18 young (36864K), 3 survivors (6144K)
 Metaspace       used 38024K, committed 38464K, reserved 1114112K
  class space    used 4602K, committed 4800K, reserved 1048576K
}
Event: 1.201 GC heap after
{Heap after GC invocations=13 (full 0):
 garbage-first heap   total 61440K, used 16343K [0x0000000704e00000, 0x0000000800000000)
  region size 2048K, 2 young (4096K), 2 survivors (4096K)
 Metaspace       used 38024K, committed 38464K, reserved 1114112K
  class space    used 4602K, committed 4800K, reserved 1048576K
}
Event: 1.326 GC heap before
{Heap before GC invocations=13 (full 0):
 garbage-first heap   total 61440K, used 47063K [0x0000000704e00000, 0x0000000800000000)
  region size 2048K, 18 young (36864K), 2 survivors (4096K)
 Metaspace       used 40851K, committed 41408K, reserved 1114112K
  class space    used 4985K, committed 5248K, reserved 1048576K
}
Event: 1.328 GC heap after
{Heap after GC invocations=14 (full 0):
 garbage-first heap   total 159744K, used 17846K [0x0000000704e00000, 0x0000000800000000)
  region size 2048K, 3 young (6144K), 3 survivors (6144K)
 Metaspace       used 40851K, committed 41408K, reserved 1114112K
  class space    used 4985K, committed 5248K, reserved 1048576K
}
Event: 1.660 GC heap before
{Heap before GC invocations=14 (full 0):
 garbage-first heap   total 159744K, used 103862K [0x0000000704e00000, 0x0000000800000000)
  region size 2048K, 46 young (94208K), 3 survivors (6144K)
 Metaspace       used 47510K, committed 48128K, reserved 1114112K
  class space    used 5812K, committed 6080K, reserved 1048576K
}
Event: 1.664 GC heap after
{Heap after GC invocations=15 (full 0):
 garbage-first heap   total 159744K, used 20870K [0x0000000704e00000, 0x0000000800000000)
  region size 2048K, 4 young (8192K), 4 survivors (8192K)
 Metaspace       used 47510K, committed 48128K, reserved 1114112K
  class space    used 5812K, committed 6080K, reserved 1048576K
}

